<?xml version="1.0" encoding="UTF-8"?>
<!-- Generated by org.testng.reporters.JUnitXMLReporter -->
<testsuite ignored="0" hostname="Marias-MBP" failures="0" tests="4" name="Test" time="0.083" errors="0" timestamp="2020-04-21T15:47:09 CDT">
  <testcase classname="qaclickacademy.SeleniumTest" name="browsertesting" time="0.009"/>
  <testcase classname="qaclickacademy.SeleniumTest" name="elements" time="0.002"/>
  <testcase classname="qaclickacademy.demoTest" name="shoppingtest" time="0.002"/>
  <testcase classname="qaclickacademy.demoTest" name="websitetest" time="0.002"/>
</testsuite> <!-- Test -->
