<?xml version="1.0" encoding="UTF-8"?>
<testng-results ignored="0" total="2" passed="2" failed="0" skipped="0">
  <reporter-output>
  </reporter-output>
  <suite started-at="2020-04-21T16:35:47 CDT" name="Suite" finished-at="2020-04-21T16:35:47 CDT" duration-ms="48">
    <groups>
    </groups>
    <test started-at="2020-04-21T16:35:47 CDT" name="Test" finished-at="2020-04-21T16:35:47 CDT" duration-ms="48">
      <class name="qaclickacademy.demoTest">
        <test-method signature="shoppingtest()[pri:0, instance:qaclickacademy.demoTest@3d36e4cd]" started-at="2020-04-21T16:35:47 CDT" name="shoppingtest" finished-at="2020-04-21T16:35:47 CDT" duration-ms="4" status="PASS">
          <reporter-output>
          </reporter-output>
        </test-method> <!-- shoppingtest -->
        <test-method signature="websitetest()[pri:0, instance:qaclickacademy.demoTest@3d36e4cd]" started-at="2020-04-21T16:35:47 CDT" name="websitetest" finished-at="2020-04-21T16:35:47 CDT" duration-ms="1" status="PASS">
          <reporter-output>
          </reporter-output>
        </test-method> <!-- websitetest -->
      </class> <!-- qaclickacademy.demoTest -->
    </test> <!-- Test -->
  </suite> <!-- Suite -->
</testng-results>
