<?xml version="1.0" encoding="UTF-8"?>
<testng-results ignored="0" total="4" passed="4" failed="0" skipped="0">
  <reporter-output>
  </reporter-output>
  <suite started-at="2020-04-21T15:47:09 CDT" name="Suite" finished-at="2020-04-21T15:47:09 CDT" duration-ms="83">
    <groups>
    </groups>
    <test started-at="2020-04-21T15:47:09 CDT" name="Test" finished-at="2020-04-21T15:47:09 CDT" duration-ms="83">
      <class name="qaclickacademy.demoTest">
        <test-method signature="shoppingtest()[pri:0, instance:qaclickacademy.demoTest@197d671]" started-at="2020-04-21T15:47:09 CDT" name="shoppingtest" finished-at="2020-04-21T15:47:09 CDT" duration-ms="2" status="PASS">
          <reporter-output>
          </reporter-output>
        </test-method> <!-- shoppingtest -->
        <test-method signature="websitetest()[pri:0, instance:qaclickacademy.demoTest@197d671]" started-at="2020-04-21T15:47:09 CDT" name="websitetest" finished-at="2020-04-21T15:47:09 CDT" duration-ms="2" status="PASS">
          <reporter-output>
          </reporter-output>
        </test-method> <!-- websitetest -->
      </class> <!-- qaclickacademy.demoTest -->
      <class name="qaclickacademy.SeleniumTest">
        <test-method signature="browsertesting()[pri:0, instance:qaclickacademy.SeleniumTest@27c86f2d]" started-at="2020-04-21T15:47:09 CDT" name="browsertesting" finished-at="2020-04-21T15:47:09 CDT" duration-ms="9" status="PASS">
          <reporter-output>
          </reporter-output>
        </test-method> <!-- browsertesting -->
        <test-method signature="elements()[pri:0, instance:qaclickacademy.SeleniumTest@27c86f2d]" started-at="2020-04-21T15:47:09 CDT" name="elements" finished-at="2020-04-21T15:47:09 CDT" duration-ms="2" status="PASS">
          <reporter-output>
          </reporter-output>
        </test-method> <!-- elements -->
      </class> <!-- qaclickacademy.SeleniumTest -->
    </test> <!-- Test -->
  </suite> <!-- Suite -->
</testng-results>
